[0919/150914.089:ERROR:process_info.cc(329)] VirtualQueryEx: Access is denied. (0x5)
[0919/150914.092:ERROR:process_info.cc(556)] ReadMemoryInfo failed
[0919/150914.092:ERROR:process_memory_win.cc(39)] Failed to initialize ProcessInfo.
[0919/150914.092:ERROR:scoped_process_suspend.cc(40)] NtResumeProcess: An attempt was made to access an exiting process. (0xc000010a)
[0919/162157.245:ERROR:process_reader_win.cc(151)] SuspendThread: Access is denied. (0x5)
[0919/162157.247:ERROR:exception_snapshot_win.cc(99)] thread ID 19956 not found in process
[0919/162202.776:ERROR:process_reader_win.cc(151)] SuspendThread: Access is denied. (0x5)
[0919/162202.779:ERROR:exception_snapshot_win.cc(99)] thread ID 20064 not found in process
[0919/162202.779:ERROR:scoped_process_suspend.cc(40)] NtResumeProcess: An attempt was made to access an exiting process. (0xc000010a)
[0919/162211.278:ERROR:process_memory_win.cc(73)] ReadMemory at 0x1f302810000 of 64 bytes failed: Only part of a ReadProcessMemory or WriteProcessMemory request was completed. (0x12B)
[0919/162211.279:WARNING:pe_image_reader.cc(340)] could not read dos header from C:\WINDOWS\System32\OLEAUT32.dll
[0919/162211.280:ERROR:process_memory_win.cc(73)] ReadMemory at 0x1f302810000 of 64 bytes failed: Only part of a ReadProcessMemory or WriteProcessMemory request was completed. (0x12B)
[0919/162211.280:WARNING:pe_image_reader.cc(340)] could not read dos header from C:\WINDOWS\System32\OLEAUT32.dll
[0919/162211.283:ERROR:process_memory_win.cc(73)] ReadMemory at 0x1f30256e090 of 6656 bytes failed: Only part of a ReadProcessMemory or WriteProcessMemory request was completed. (0x12B)
[0919/162211.284:ERROR:process_snapshot_win.cc(322)] failed to read unloaded module data
[0919/162211.290:ERROR:process_memory_win.cc(73)] ReadMemory at 0x1f302810000 of 64 bytes failed: Only part of a ReadProcessMemory or WriteProcessMemory request was completed. (0x12B)
[0919/162211.290:WARNING:pe_image_reader.cc(340)] could not read dos header from C:\WINDOWS\System32\OLEAUT32.dll
[0919/162211.292:ERROR:process_memory_win.cc(73)] ReadMemory at 0x1f30255e520 of 72 bytes failed: Only part of a ReadProcessMemory or WriteProcessMemory request was completed. (0x12B)
[0919/162211.293:WARNING:pe_image_annotations_reader.cc(135)] could not read annotations list object in C:\Program Files (x86)\Google\Chrome\Application\85.0.4183.102\chrome_elf.dll
[0919/162211.293:ERROR:process_memory_win.cc(73)] ReadMemory at 0x1f302595eb0 of 72 bytes failed: Only part of a ReadProcessMemory or WriteProcessMemory request was completed. (0x12B)
[0919/162211.293:WARNING:pe_image_annotations_reader.cc(135)] could not read annotations list object in C:\Program Files (x86)\Google\Chrome\Application\85.0.4183.102\chrome.dll
[0919/162211.293:ERROR:process_memory_win.cc(73)] ReadMemory at 0x1f302810000 of 64 bytes failed: Only part of a ReadProcessMemory or WriteProcessMemory request was completed. (0x12B)
[0919/162211.293:WARNING:pe_image_reader.cc(340)] could not read dos header from C:\WINDOWS\System32\OLEAUT32.dll
[0919/162211.293:ERROR:process_memory_win.cc(73)] ReadMemory at 0x1f302810000 of 64 bytes failed: Only part of a ReadProcessMemory or WriteProcessMemory request was completed. (0x12B)
[0919/162211.293:WARNING:pe_image_reader.cc(340)] could not read dos header from C:\WINDOWS\System32\OLEAUT32.dll
[0919/162211.530:ERROR:process_memory_win.cc(73)] ReadMemory at 0x7ff6a5b40000 of 64 bytes failed: Only part of a ReadProcessMemory or WriteProcessMemory request was completed. (0x12B)
[0919/162211.530:WARNING:pe_image_reader.cc(340)] could not read dos header from C:\Program Files (x86)\Google\Chrome\Application\chrome.exe
[0919/162211.530:ERROR:process_memory_win.cc(73)] ReadMemory at 0x7ffdf5920000 of 64 bytes failed: Only part of a ReadProcessMemory or WriteProcessMemory request was completed. (0x12B)
[0919/162211.530:WARNING:pe_image_reader.cc(340)] could not read dos header from C:\WINDOWS\SYSTEM32\ntdll.dll
[0919/162211.530:ERROR:process_memory_win.cc(73)] ReadMemory at 0x7ffdf4ae0000 of 64 bytes failed: Only part of a ReadProcessMemory or WriteProcessMemory request was completed. (0x12B)
[0919/162211.531:WARNING:pe_image_reader.cc(340)] could not read dos header from C:\WINDOWS\System32\KERNEL32.DLL
[0919/162211.531:ERROR:process_memory_win.cc(73)] ReadMemory at 0x7ffdf2d50000 of 64 bytes failed: Only part of a ReadProcessMemory or WriteProcessMemory request was completed. (0x12B)
[0919/162211.531:WARNING:pe_image_reader.cc(340)] could not read dos header from C:\WINDOWS\System32\KERNELBASE.dll
[0919/162211.531:ERROR:process_memory_win.cc(73)] ReadMemory at 0x7ffd99810000 of 64 bytes failed: Only part of a ReadProcessMemory or WriteProcessMemory request was completed. (0x12B)
[0919/162211.531:WARNING:pe_image_reader.cc(340)] could not read dos header from C:\Program Files (x86)\Google\Chrome\Application\85.0.4183.102\chrome_elf.dll
[0919/162211.531:ERROR:process_memory_win.cc(73)] ReadMemory at 0x7ffded5b0000 of 64 bytes failed: Only part of a ReadProcessMemory or WriteProcessMemory request was completed. (0x12B)
[0919/162211.531:WARNING:pe_image_reader.cc(340)] could not read dos header from C:\WINDOWS\SYSTEM32\VERSION.dll
[0919/162211.531:ERROR:process_memory_win.cc(73)] ReadMemory at 0x7ffdf41a0000 of 64 bytes failed: Only part of a ReadProcessMemory or WriteProcessMemory request was completed. (0x12B)
[0919/162211.531:WARNING:pe_image_reader.cc(340)] could not read dos header from C:\WINDOWS\System32\msvcrt.dll
[0919/162211.531:ERROR:process_memory_win.cc(73)] ReadMemory at 0x7ffdf31d0000 of 64 bytes failed: Only part of a ReadProcessMemory or WriteProcessMemory request was completed. (0x12B)
[0919/162211.531:WARNING:pe_image_reader.cc(340)] could not read dos header from C:\WINDOWS\System32\bcryptPrimitives.dll
[0919/162211.531:ERROR:process_memory_win.cc(73)] ReadMemory at 0x7ffdf5830000 of 64 bytes failed: Only part of a ReadProcessMemory or WriteProcessMemory request was completed. (0x12B)
[0919/162211.531:WARNING:pe_image_reader.cc(340)] could not read dos header from C:\WINDOWS\System32\ADVAPI32.dll
[0919/162211.531:ERROR:process_memory_win.cc(73)] ReadMemory at 0x7ffdf4890000 of 64 bytes failed: Only part of a ReadProcessMemory or WriteProcessMemory request was completed. (0x12B)
[0919/162211.531:WARNING:pe_image_reader.cc(340)] could not read dos header from C:\WINDOWS\System32\sechost.dll
[0919/162211.531:ERROR:process_memory_win.cc(73)] ReadMemory at 0x7ffdf46b0000 of 64 bytes failed: Only part of a ReadProcessMemory or WriteProcessMemory request was completed. (0x12B)
[0919/162211.531:WARNING:pe_image_reader.cc(340)] could not read dos header from C:\WINDOWS\System32\RPCRT4.dll
[0919/162211.531:ERROR:process_memory_win.cc(73)] ReadMemory at 0x7ffdb1390000 of 64 bytes failed: Only part of a ReadProcessMemory or WriteProcessMemory request was completed. (0x12B)
[0919/162211.531:WARNING:pe_image_reader.cc(340)] could not read dos header from C:\Program Files (x86)\Google\Chrome\Application\85.0.4183.102\chrome.dll
[0919/162211.531:ERROR:process_memory_win.cc(73)] ReadMemory at 0x7ffdf45a0000 of 64 bytes failed: Only part of a ReadProcessMemory or WriteProcessMemory request was completed. (0x12B)
[0919/162211.531:WARNING:pe_image_reader.cc(340)] could not read dos header from C:\WINDOWS\System32\WS2_32.dll
[0919/162211.532:ERROR:process_memory_win.cc(73)] ReadMemory at 0x1f302810000 of 64 bytes failed: Only part of a ReadProcessMemory or WriteProcessMemory request was completed. (0x12B)
[0919/162211.532:WARNING:pe_image_reader.cc(340)] could not read dos header from C:\WINDOWS\System32\OLEAUT32.dll
[0919/162211.532:ERROR:process_memory_win.cc(73)] ReadMemory at 0x7ffdf3000000 of 64 bytes failed: Only part of a ReadProcessMemory or WriteProcessMemory request was completed. (0x12B)
[0919/162211.532:WARNING:pe_image_reader.cc(340)] could not read dos header from C:\WINDOWS\System32\msvcp_win.dll
[0919/162211.532:ERROR:process_memory_win.cc(73)] ReadMemory at 0x7ffdf2c50000 of 64 bytes failed: Only part of a ReadProcessMemory or WriteProcessMemory request was completed. (0x12B)
[0919/162211.532:WARNING:pe_image_reader.cc(340)] could not read dos header from C:\WINDOWS\System32\ucrtbase.dll
[0919/162211.532:ERROR:process_memory_win.cc(73)] ReadMemory at 0x7ffdf3c10000 of 64 bytes failed: Only part of a ReadProcessMemory or WriteProcessMemory request was completed. (0x12B)
[0919/162211.532:WARNING:pe_image_reader.cc(340)] could not read dos header from C:\WINDOWS\System32\combase.dll
[0919/162211.532:ERROR:process_memory_win.cc(73)] ReadMemory at 0x7ffdf3150000 of 64 bytes failed: Only part of a ReadProcessMemory or WriteProcessMemory request was completed. (0x12B)
[0919/162211.532:WARNING:pe_image_reader.cc(340)] could not read dos header from C:\WINDOWS\System32\WINTRUST.dll
[0919/162211.532:ERROR:process_memory_win.cc(73)] ReadMemory at 0x7ffdf2840000 of 64 bytes failed: Only part of a ReadProcessMemory or WriteProcessMemory request was completed. (0x12B)
[0919/162211.532:WARNING:pe_image_reader.cc(340)] could not read dos header from C:\WINDOWS\System32\MSASN1.dll
[0919/162211.532:ERROR:process_memory_win.cc(73)] ReadMemory at 0x7ffdf2910000 of 64 bytes failed: Only part of a ReadProcessMemory or WriteProcessMemory request was completed. (0x12B)
[0919/162211.532:WARNING:pe_image_reader.cc(340)] could not read dos header from C:\WINDOWS\System32\CRYPT32.dll
[0919/162211.532:ERROR:process_memory_win.cc(73)] ReadMemory at 0x7ffdf1d40000 of 64 bytes failed: Only part of a ReadProcessMemory or WriteProcessMemory request was completed. (0x12B)
[0919/162211.532:WARNING:pe_image_reader.cc(340)] could not read dos header from C:\WINDOWS\SYSTEM32\IPHLPAPI.DLL
[0919/162211.532:ERROR:process_memory_win.cc(73)] ReadMemory at 0x7ffde9500000 of 64 bytes failed: Only part of a ReadProcessMemory or WriteProcessMemory request was completed. (0x12B)
[0919/162211.532:WARNING:pe_image_reader.cc(340)] could not read dos header from C:\WINDOWS\SYSTEM32\WINMM.dll
[0919/162211.532:ERROR:process_memory_win.cc(73)] ReadMemory at 0x7ffdd18b0000 of 64 bytes failed: Only part of a ReadProcessMemory or WriteProcessMemory request was completed. (0x12B)
[0919/162211.532:WARNING:pe_image_reader.cc(340)] could not read dos header from C:\WINDOWS\SYSTEM32\UIAutomationCore.DLL
[0919/162211.532:ERROR:process_memory_win.cc(73)] ReadMemory at 0x7ffde7a60000 of 64 bytes failed: Only part of a ReadProcessMemory or WriteProcessMemory request was completed. (0x12B)
[0919/162211.532:WARNING:pe_image_reader.cc(340)] could not read dos header from C:\WINDOWS\SYSTEM32\Secur32.dll
[0919/162211.533:ERROR:process_memory_win.cc(73)] ReadMemory at 0x7ffdf2700000 of 64 bytes failed: Only part of a ReadProcessMemory or WriteProcessMemory request was completed. (0x12B)
[0919/162211.533:WARNING:pe_image_reader.cc(340)] could not read dos header from C:\WINDOWS\SYSTEM32\USERENV.dll
[0919/162211.533:ERROR:process_memory_win.cc(73)] ReadMemory at 0x7ffdf2880000 of 64 bytes failed: Only part of a ReadProcessMemory or WriteProcessMemory request was completed. (0x12B)
[0919/162211.533:WARNING:pe_image_reader.cc(340)] could not read dos header from C:\WINDOWS\System32\profapi.dll
[0919/162211.533:ERROR:process_memory_win.cc(73)] ReadMemory at 0x7ffdde4c0000 of 64 bytes failed: Only part of a ReadProcessMemory or WriteProcessMemory request was completed. (0x12B)
[0919/162211.533:WARNING:pe_image_reader.cc(340)] could not read dos header from C:\WINDOWS\SYSTEM32\DWrite.dll
[0919/162211.533:ERROR:process_memory_win.cc(73)] ReadMemory at 0x7ffdd8490000 of 64 bytes failed: Only part of a ReadProcessMemory or WriteProcessMemory request was completed. (0x12B)
[0919/162211.533:WARNING:pe_image_reader.cc(340)] could not read dos header from C:\WINDOWS\SYSTEM32\WINSPOOL.DRV
[0919/162211.533:ERROR:process_memory_win.cc(73)] ReadMemory at 0x7ffdf2860000 of 64 bytes failed: Only part of a ReadProcessMemory or WriteProcessMemory request was completed. (0x12B)
[0919/162211.533:WARNING:pe_image_reader.cc(340)] could not read dos header from C:\WINDOWS\System32\kernel.appcore.dll
[0919/162211.533:ERROR:process_memory_win.cc(73)] ReadMemory at 0x7ffdf28e0000 of 64 bytes failed: Only part of a ReadProcessMemory or WriteProcessMemory request was completed. (0x12B)
[0919/162211.533:WARNING:pe_image_reader.cc(340)] could not read dos header from C:\WINDOWS\System32\bcrypt.dll
[0919/162211.533:ERROR:process_memory_win.cc(73)] ReadMemory at 0x7ffdec0b0000 of 64 bytes failed: Only part of a ReadProcessMemory or WriteProcessMemory request was completed. (0x12B)
[0919/162211.533:WARNING:pe_image_reader.cc(340)] could not read dos header from C:\WINDOWS\SYSTEM32\dbghelp.dll
[0919/162211.533:ERROR:process_memory_win.cc(73)] ReadMemory at 0x7ffdea200000 of 64 bytes failed: Only part of a ReadProcessMemory or WriteProcessMemory request was completed. (0x12B)
[0919/162211.533:WARNING:pe_image_reader.cc(340)] could not read dos header from C:\WINDOWS\SYSTEM32\WINHTTP.dll
[0919/162211.533:ERROR:process_memory_win.cc(73)] ReadMemory at 0x7ffdeb200000 of 64 bytes failed: Only part of a ReadProcessMemory or WriteProcessMemory request was completed. (0x12B)
[0919/162211.533:WARNING:pe_image_reader.cc(340)] could not read dos header from C:\WINDOWS\SYSTEM32\dhcpcsvc.DLL
[0919/162211.533:ERROR:process_memory_win.cc(73)] ReadMemory at 0x7ffdf4610000 of 64 bytes failed: Only part of a ReadProcessMemory or WriteProcessMemory request was completed. (0x12B)
[0919/162211.533:WARNING:pe_image_reader.cc(340)] could not read dos header from C:\WINDOWS\System32\NSI.dll
[0919/162211.533:ERROR:process_memory_win.cc(73)] ReadMemory at 0x7ffde94d0000 of 64 bytes failed: Only part of a ReadProcessMemory or WriteProcessMemory request was completed. (0x12B)
[0919/162211.534:WARNING:pe_image_reader.cc(340)] could not read dos header from C:\WINDOWS\SYSTEM32\WINMMBASE.dll
[0919/162211.534:ERROR:process_memory_win.cc(73)] ReadMemory at 0x7ffdf2a60000 of 64 bytes failed: Only part of a ReadProcessMemory or WriteProcessMemory request was completed. (0x12B)
[0919/162211.534:WARNING:pe_image_reader.cc(340)] could not read dos header from C:\WINDOWS\System32\cfgmgr32.dll
[0919/162211.534:ERROR:process_memory_win.cc(73)] ReadMemory at 0x7ffdef010000 of 64 bytes failed: Only part of a ReadProcessMemory or WriteProcessMemory request was completed. (0x12B)
[0919/162211.534:WARNING:pe_image_reader.cc(340)] could not read dos header from C:\WINDOWS\SYSTEM32\PROPSYS.dll
[0919/162211.534:ERROR:process_memory_win.cc(73)] ReadMemory at 0x7ffdf43f0000 of 64 bytes failed: Only part of a ReadProcessMemory or WriteProcessMemory request was completed. (0x12B)
[0919/162211.534:WARNING:pe_image_reader.cc(340)] could not read dos header from C:\WINDOWS\System32\shcore.dll
[0919/162211.534:ERROR:process_memory_win.cc(73)] ReadMemory at 0x7ffdf26c0000 of 64 bytes failed: Only part of a ReadProcessMemory or WriteProcessMemory request was completed. (0x12B)
[0919/162211.534:WARNING:pe_image_reader.cc(340)] could not read dos header from C:\WINDOWS\SYSTEM32\SSPICLI.DLL
[0919/162211.534:ERROR:process_memory_win.cc(73)] ReadMemory at 0x7ffdf4c70000 of 64 bytes failed: Only part of a ReadProcessMemory or WriteProcessMemory request was completed. (0x12B)
[0919/162211.534:WARNING:pe_image_reader.cc(340)] could not read dos header from C:\WINDOWS\System32\SHELL32.dll
[0919/162211.534:ERROR:process_memory_win.cc(73)] ReadMemory at 0x7ffdf3250000 of 64 bytes failed: Only part of a ReadProcessMemory or WriteProcessMemory request was completed. (0x12B)
[0919/162211.534:WARNING:pe_image_reader.cc(340)] could not read dos header from C:\WINDOWS\System32\windows.storage.dll
[0919/162211.534:ERROR:process_memory_win.cc(73)] ReadMemory at 0x7ffdf27f0000 of 64 bytes failed: Only part of a ReadProcessMemory or WriteProcessMemory request was completed. (0x12B)
[0919/162211.534:WARNING:pe_image_reader.cc(340)] could not read dos header from C:\WINDOWS\System32\powrprof.dll
[0919/162211.534:ERROR:process_memory_win.cc(73)] ReadMemory at 0x7ffdf27e0000 of 64 bytes failed: Only part of a ReadProcessMemory or WriteProcessMemory request was completed. (0x12B)
[0919/162211.534:WARNING:pe_image_reader.cc(340)] could not read dos header from C:\WINDOWS\System32\UMPDC.dll
[0919/162211.534:ERROR:process_memory_win.cc(73)] ReadMemory at 0x7ffdf4650000 of 64 bytes failed: Only part of a ReadProcessMemory or WriteProcessMemory request was completed. (0x12B)
[0919/162211.534:WARNING:pe_image_reader.cc(340)] could not read dos header from C:\WINDOWS\System32\shlwapi.dll
[0919/162211.534:ERROR:process_memory_win.cc(73)] ReadMemory at 0x7ffdf4860000 of 64 bytes failed: Only part of a ReadProcessMemory or WriteProcessMemory request was completed. (0x12B)
[0919/162211.534:WARNING:pe_image_reader.cc(340)] could not read dos header from C:\WINDOWS\System32\GDI32.dll
[0919/162211.534:ERROR:process_memory_win.cc(73)] ReadMemory at 0x7ffdf28b0000 of 64 bytes failed: Only part of a ReadProcessMemory or WriteProcessMemory request was completed. (0x12B)
[0919/162211.535:WARNING:pe_image_reader.cc(340)] could not read dos header from C:\WINDOWS\System32\win32u.dll
[0919/162211.535:ERROR:process_memory_win.cc(73)] ReadMemory at 0x7ffdf2ab0000 of 64 bytes failed: Only part of a ReadProcessMemory or WriteProcessMemory request was completed. (0x12B)
[0919/162211.535:WARNING:pe_image_reader.cc(340)] could not read dos header from C:\WINDOWS\System32\gdi32full.dll
[0919/162211.535:ERROR:process_memory_win.cc(73)] ReadMemory at 0x7ffdf4000000 of 64 bytes failed: Only part of a ReadProcessMemory or WriteProcessMemory request was completed. (0x12B)
[0919/162211.535:WARNING:pe_image_reader.cc(340)] could not read dos header from C:\WINDOWS\System32\USER32.dll
[0919/162211.535:ERROR:process_memory_win.cc(73)] ReadMemory at 0x7ffdf31b0000 of 64 bytes failed: Only part of a ReadProcessMemory or WriteProcessMemory request was completed. (0x12B)
[0919/162211.535:WARNING:pe_image_reader.cc(340)] could not read dos header from C:\WINDOWS\System32\cryptsp.dll
[0919/162211.535:ERROR:process_memory_win.cc(73)] ReadMemory at 0x7ffdf4620000 of 64 bytes failed: Only part of a ReadProcessMemory or WriteProcessMemory request was completed. (0x12B)
[0919/162211.535:WARNING:pe_image_reader.cc(340)] could not read dos header from C:\WINDOWS\System32\IMM32.DLL
[0919/162211.535:ERROR:process_memory_win.cc(73)] ReadMemory at 0x7ffdf2200000 of 64 bytes failed: Only part of a ReadProcessMemory or WriteProcessMemory request was completed. (0x12B)
[0919/162211.535:WARNING:pe_image_reader.cc(340)] could not read dos header from C:\WINDOWS\SYSTEM32\CRYPTBASE.DLL
[0919/162211.543:ERROR:process_memory_win.cc(73)] ReadMemory at 0x7ff6a5b40000 of 64 bytes failed: Only part of a ReadProcessMemory or WriteProcessMemory request was completed. (0x12B)
[0919/162211.543:WARNING:pe_image_reader.cc(340)] could not read dos header from C:\Program Files (x86)\Google\Chrome\Application\chrome.exe
[0919/162211.543:ERROR:process_memory_win.cc(73)] ReadMemory at 0x7ffdf5920000 of 64 bytes failed: Only part of a ReadProcessMemory or WriteProcessMemory request was completed. (0x12B)
[0919/162211.543:WARNING:pe_image_reader.cc(340)] could not read dos header from C:\WINDOWS\SYSTEM32\ntdll.dll
[0919/162211.543:ERROR:process_memory_win.cc(73)] ReadMemory at 0x7ffdf4ae0000 of 64 bytes failed: Only part of a ReadProcessMemory or WriteProcessMemory request was completed. (0x12B)
[0919/162211.543:WARNING:pe_image_reader.cc(340)] could not read dos header from C:\WINDOWS\System32\KERNEL32.DLL
[0919/162211.543:ERROR:process_memory_win.cc(73)] ReadMemory at 0x7ffdf2d50000 of 64 bytes failed: Only part of a ReadProcessMemory or WriteProcessMemory request was completed. (0x12B)
[0919/162211.543:WARNING:pe_image_reader.cc(340)] could not read dos header from C:\WINDOWS\System32\KERNELBASE.dll
[0919/162211.543:ERROR:process_memory_win.cc(73)] ReadMemory at 0x7ffd99810000 of 64 bytes failed: Only part of a ReadProcessMemory or WriteProcessMemory request was completed. (0x12B)
[0919/162211.543:WARNING:pe_image_reader.cc(340)] could not read dos header from C:\Program Files (x86)\Google\Chrome\Application\85.0.4183.102\chrome_elf.dll
[0919/162211.543:ERROR:process_memory_win.cc(73)] ReadMemory at 0x7ffded5b0000 of 64 bytes failed: Only part of a ReadProcessMemory or WriteProcessMemory request was completed. (0x12B)
[0919/162211.543:WARNING:pe_image_reader.cc(340)] could not read dos header from C:\WINDOWS\SYSTEM32\VERSION.dll
[0919/162211.543:ERROR:process_memory_win.cc(73)] ReadMemory at 0x7ffdf41a0000 of 64 bytes failed: Only part of a ReadProcessMemory or WriteProcessMemory request was completed. (0x12B)
[0919/162211.543:WARNING:pe_image_reader.cc(340)] could not read dos header from C:\WINDOWS\System32\msvcrt.dll
[0919/162211.543:ERROR:process_memory_win.cc(73)] ReadMemory at 0x7ffdf31d0000 of 64 bytes failed: Only part of a ReadProcessMemory or WriteProcessMemory request was completed. (0x12B)
[0919/162211.544:WARNING:pe_image_reader.cc(340)] could not read dos header from C:\WINDOWS\System32\bcryptPrimitives.dll
[0919/162211.544:ERROR:process_memory_win.cc(73)] ReadMemory at 0x7ffdf5830000 of 64 bytes failed: Only part of a ReadProcessMemory or WriteProcessMemory request was completed. (0x12B)
[0919/162211.544:WARNING:pe_image_reader.cc(340)] could not read dos header from C:\WINDOWS\System32\ADVAPI32.dll
[0919/162211.544:ERROR:process_memory_win.cc(73)] ReadMemory at 0x7ffdf4890000 of 64 bytes failed: Only part of a ReadProcessMemory or WriteProcessMemory request was completed. (0x12B)
[0919/162211.544:WARNING:pe_image_reader.cc(340)] could not read dos header from C:\WINDOWS\System32\sechost.dll
[0919/162211.544:ERROR:process_memory_win.cc(73)] ReadMemory at 0x7ffdf46b0000 of 64 bytes failed: Only part of a ReadProcessMemory or WriteProcessMemory request was completed. (0x12B)
[0919/162211.544:WARNING:pe_image_reader.cc(340)] could not read dos header from C:\WINDOWS\System32\RPCRT4.dll
[0919/162211.544:ERROR:process_memory_win.cc(73)] ReadMemory at 0x7ffdb1390000 of 64 bytes failed: Only part of a ReadProcessMemory or WriteProcessMemory request was completed. (0x12B)
[0919/162211.544:WARNING:pe_image_reader.cc(340)] could not read dos header from C:\Program Files (x86)\Google\Chrome\Application\85.0.4183.102\chrome.dll
[0919/162211.544:ERROR:process_memory_win.cc(73)] ReadMemory at 0x7ffdf45a0000 of 64 bytes failed: Only part of a ReadProcessMemory or WriteProcessMemory request was completed. (0x12B)
[0919/162211.544:WARNING:pe_image_reader.cc(340)] could not read dos header from C:\WINDOWS\System32\WS2_32.dll
[0919/162211.544:ERROR:process_memory_win.cc(73)] ReadMemory at 0x1f302810000 of 64 bytes failed: Only part of a ReadProcessMemory or WriteProcessMemory request was completed. (0x12B)
[0919/162211.544:WARNING:pe_image_reader.cc(340)] could not read dos header from C:\WINDOWS\System32\OLEAUT32.dll
[0919/162211.544:ERROR:process_memory_win.cc(73)] ReadMemory at 0x7ffdf3000000 of 64 bytes failed: Only part of a ReadProcessMemory or WriteProcessMemory request was completed. (0x12B)
[0919/162211.544:WARNING:pe_image_reader.cc(340)] could not read dos header from C:\WINDOWS\System32\msvcp_win.dll
[0919/162211.544:ERROR:process_memory_win.cc(73)] ReadMemory at 0x7ffdf2c50000 of 64 bytes failed: Only part of a ReadProcessMemory or WriteProcessMemory request was completed. (0x12B)
[0919/162211.544:WARNING:pe_image_reader.cc(340)] could not read dos header from C:\WINDOWS\System32\ucrtbase.dll
[0919/162211.544:ERROR:process_memory_win.cc(73)] ReadMemory at 0x7ffdf3c10000 of 64 bytes failed: Only part of a ReadProcessMemory or WriteProcessMemory request was completed. (0x12B)
[0919/162211.544:WARNING:pe_image_reader.cc(340)] could not read dos header from C:\WINDOWS\System32\combase.dll
[0919/162211.545:ERROR:process_memory_win.cc(73)] ReadMemory at 0x7ffdf3150000 of 64 bytes failed: Only part of a ReadProcessMemory or WriteProcessMemory request was completed. (0x12B)
[0919/162211.545:WARNING:pe_image_reader.cc(340)] could not read dos header from C:\WINDOWS\System32\WINTRUST.dll
[0919/162211.545:ERROR:process_memory_win.cc(73)] ReadMemory at 0x7ffdf2840000 of 64 bytes failed: Only part of a ReadProcessMemory or WriteProcessMemory request was completed. (0x12B)
[0919/162211.545:WARNING:pe_image_reader.cc(340)] could not read dos header from C:\WINDOWS\System32\MSASN1.dll
[0919/162211.545:ERROR:process_memory_win.cc(73)] ReadMemory at 0x7ffdf2910000 of 64 bytes failed: Only part of a ReadProcessMemory or WriteProcessMemory request was completed. (0x12B)
[0919/162211.545:WARNING:pe_image_reader.cc(340)] could not read dos header from C:\WINDOWS\System32\CRYPT32.dll
[0919/162211.545:ERROR:process_memory_win.cc(73)] ReadMemory at 0x7ffdf1d40000 of 64 bytes failed: Only part of a ReadProcessMemory or WriteProcessMemory request was completed. (0x12B)
[0919/162211.545:WARNING:pe_image_reader.cc(340)] could not read dos header from C:\WINDOWS\SYSTEM32\IPHLPAPI.DLL
[0919/162211.545:ERROR:process_memory_win.cc(73)] ReadMemory at 0x7ffde9500000 of 64 bytes failed: Only part of a ReadProcessMemory or WriteProcessMemory request was completed. (0x12B)
[0919/162211.545:WARNING:pe_image_reader.cc(340)] could not read dos header from C:\WINDOWS\SYSTEM32\WINMM.dll
[0919/162211.545:ERROR:process_memory_win.cc(73)] ReadMemory at 0x7ffdd18b0000 of 64 bytes failed: Only part of a ReadProcessMemory or WriteProcessMemory request was completed. (0x12B)
[0919/162211.545:WARNING:pe_image_reader.cc(340)] could not read dos header from C:\WINDOWS\SYSTEM32\UIAutomationCore.DLL
[0919/162211.545:ERROR:process_memory_win.cc(73)] ReadMemory at 0x7ffde7a60000 of 64 bytes failed: Only part of a ReadProcessMemory or WriteProcessMemory request was completed. (0x12B)
[0919/162211.545:WARNING:pe_image_reader.cc(340)] could not read dos header from C:\WINDOWS\SYSTEM32\Secur32.dll
[0919/162211.545:ERROR:process_memory_win.cc(73)] ReadMemory at 0x7ffdf2700000 of 64 bytes failed: Only part of a ReadProcessMemory or WriteProcessMemory request was completed. (0x12B)
[0919/162211.545:WARNING:pe_image_reader.cc(340)] could not read dos header from C:\WINDOWS\SYSTEM32\USERENV.dll
[0919/162211.545:ERROR:process_memory_win.cc(73)] ReadMemory at 0x7ffdf2880000 of 64 bytes failed: Only part of a ReadProcessMemory or WriteProcessMemory request was completed. (0x12B)
[0919/162211.545:WARNING:pe_image_reader.cc(340)] could not read dos header from C:\WINDOWS\System32\profapi.dll
[0919/162211.545:ERROR:process_memory_win.cc(73)] ReadMemory at 0x7ffdde4c0000 of 64 bytes failed: Only part of a ReadProcessMemory or WriteProcessMemory request was completed. (0x12B)
[0919/162211.545:WARNING:pe_image_reader.cc(340)] could not read dos header from C:\WINDOWS\SYSTEM32\DWrite.dll
[0919/162211.545:ERROR:process_memory_win.cc(73)] ReadMemory at 0x7ffdd8490000 of 64 bytes failed: Only part of a ReadProcessMemory or WriteProcessMemory request was completed. (0x12B)
[0919/162211.545:WARNING:pe_image_reader.cc(340)] could not read dos header from C:\WINDOWS\SYSTEM32\WINSPOOL.DRV
[0919/162211.545:ERROR:process_memory_win.cc(73)] ReadMemory at 0x7ffdf2860000 of 64 bytes failed: Only part of a ReadProcessMemory or WriteProcessMemory request was completed. (0x12B)
[0919/162211.545:WARNING:pe_image_reader.cc(340)] could not read dos header from C:\WINDOWS\System32\kernel.appcore.dll
[0919/162211.546:ERROR:process_memory_win.cc(73)] ReadMemory at 0x7ffdf28e0000 of 64 bytes failed: Only part of a ReadProcessMemory or WriteProcessMemory request was completed. (0x12B)
[0919/162211.546:WARNING:pe_image_reader.cc(340)] could not read dos header from C:\WINDOWS\System32\bcrypt.dll
[0919/162211.546:ERROR:process_memory_win.cc(73)] ReadMemory at 0x7ffdec0b0000 of 64 bytes failed: Only part of a ReadProcessMemory or WriteProcessMemory request was completed. (0x12B)
[0919/162211.546:WARNING:pe_image_reader.cc(340)] could not read dos header from C:\WINDOWS\SYSTEM32\dbghelp.dll
[0919/162211.546:ERROR:process_memory_win.cc(73)] ReadMemory at 0x7ffdea200000 of 64 bytes failed: Only part of a ReadProcessMemory or WriteProcessMemory request was completed. (0x12B)
[0919/162211.546:WARNING:pe_image_reader.cc(340)] could not read dos header from C:\WINDOWS\SYSTEM32\WINHTTP.dll
[0919/162211.546:ERROR:process_memory_win.cc(73)] ReadMemory at 0x7ffdeb200000 of 64 bytes failed: Only part of a ReadProcessMemory or WriteProcessMemory request was completed. (0x12B)
[0919/162211.546:WARNING:pe_image_reader.cc(340)] could not read dos header from C:\WINDOWS\SYSTEM32\dhcpcsvc.DLL
[0919/162211.546:ERROR:process_memory_win.cc(73)] ReadMemory at 0x7ffdf4610000 of 64 bytes failed: Only part of a ReadProcessMemory or WriteProcessMemory request was completed. (0x12B)
[0919/162211.546:WARNING:pe_image_reader.cc(340)] could not read dos header from C:\WINDOWS\System32\NSI.dll
[0919/162211.546:ERROR:process_memory_win.cc(73)] ReadMemory at 0x7ffde94d0000 of 64 bytes failed: Only part of a ReadProcessMemory or WriteProcessMemory request was completed. (0x12B)
[0919/162211.546:WARNING:pe_image_reader.cc(340)] could not read dos header from C:\WINDOWS\SYSTEM32\WINMMBASE.dll
[0919/162211.546:ERROR:process_memory_win.cc(73)] ReadMemory at 0x7ffdf2a60000 of 64 bytes failed: Only part of a ReadProcessMemory or WriteProcessMemory request was completed. (0x12B)
[0919/162211.546:WARNING:pe_image_reader.cc(340)] could not read dos header from C:\WINDOWS\System32\cfgmgr32.dll
[0919/162211.546:ERROR:process_memory_win.cc(73)] ReadMemory at 0x7ffdef010000 of 64 bytes failed: Only part of a ReadProcessMemory or WriteProcessMemory request was completed. (0x12B)
[0919/162211.546:WARNING:pe_image_reader.cc(340)] could not read dos header from C:\WINDOWS\SYSTEM32\PROPSYS.dll
[0919/162211.546:ERROR:process_memory_win.cc(73)] ReadMemory at 0x7ffdf43f0000 of 64 bytes failed: Only part of a ReadProcessMemory or WriteProcessMemory request was completed. (0x12B)
[0919/162211.546:WARNING:pe_image_reader.cc(340)] could not read dos header from C:\WINDOWS\System32\shcore.dll
[0919/162211.546:ERROR:process_memory_win.cc(73)] ReadMemory at 0x7ffdf26c0000 of 64 bytes failed: Only part of a ReadProcessMemory or WriteProcessMemory request was completed. (0x12B)
[0919/162211.546:WARNING:pe_image_reader.cc(340)] could not read dos header from C:\WINDOWS\SYSTEM32\SSPICLI.DLL
[0919/162211.547:ERROR:process_memory_win.cc(73)] ReadMemory at 0x7ffdf4c70000 of 64 bytes failed: Only part of a ReadProcessMemory or WriteProcessMemory request was completed. (0x12B)
[0919/162211.547:WARNING:pe_image_reader.cc(340)] could not read dos header from C:\WINDOWS\System32\SHELL32.dll
[0919/162211.547:ERROR:process_memory_win.cc(73)] ReadMemory at 0x7ffdf3250000 of 64 bytes failed: Only part of a ReadProcessMemory or WriteProcessMemory request was completed. (0x12B)
[0919/162211.547:WARNING:pe_image_reader.cc(340)] could not read dos header from C:\WINDOWS\System32\windows.storage.dll
[0919/162211.547:ERROR:process_memory_win.cc(73)] ReadMemory at 0x7ffdf27f0000 of 64 bytes failed: Only part of a ReadProcessMemory or WriteProcessMemory request was completed. (0x12B)
[0919/162211.547:WARNING:pe_image_reader.cc(340)] could not read dos header from C:\WINDOWS\System32\powrprof.dll
[0919/162211.547:ERROR:process_memory_win.cc(73)] ReadMemory at 0x7ffdf27e0000 of 64 bytes failed: Only part of a ReadProcessMemory or WriteProcessMemory request was completed. (0x12B)
[0919/162211.547:WARNING:pe_image_reader.cc(340)] could not read dos header from C:\WINDOWS\System32\UMPDC.dll
[0919/162211.547:ERROR:process_memory_win.cc(73)] ReadMemory at 0x7ffdf4650000 of 64 bytes failed: Only part of a ReadProcessMemory or WriteProcessMemory request was completed. (0x12B)
[0919/162211.547:WARNING:pe_image_reader.cc(340)] could not read dos header from C:\WINDOWS\System32\shlwapi.dll
[0919/162211.547:ERROR:process_memory_win.cc(73)] ReadMemory at 0x7ffdf4860000 of 64 bytes failed: Only part of a ReadProcessMemory or WriteProcessMemory request was completed. (0x12B)
[0919/162211.547:WARNING:pe_image_reader.cc(340)] could not read dos header from C:\WINDOWS\System32\GDI32.dll
[0919/162211.547:ERROR:process_memory_win.cc(73)] ReadMemory at 0x7ffdf28b0000 of 64 bytes failed: Only part of a ReadProcessMemory or WriteProcessMemory request was completed. (0x12B)
[0919/162211.547:WARNING:pe_image_reader.cc(340)] could not read dos header from C:\WINDOWS\System32\win32u.dll
[0919/162211.547:ERROR:process_memory_win.cc(73)] ReadMemory at 0x7ffdf2ab0000 of 64 bytes failed: Only part of a ReadProcessMemory or WriteProcessMemory request was completed. (0x12B)
[0919/162211.547:WARNING:pe_image_reader.cc(340)] could not read dos header from C:\WINDOWS\System32\gdi32full.dll
[0919/162211.548:ERROR:process_memory_win.cc(73)] ReadMemory at 0x7ffdf4000000 of 64 bytes failed: Only part of a ReadProcessMemory or WriteProcessMemory request was completed. (0x12B)
[0919/162211.548:WARNING:pe_image_reader.cc(340)] could not read dos header from C:\WINDOWS\System32\USER32.dll
[0919/162211.548:ERROR:process_memory_win.cc(73)] ReadMemory at 0x7ffdf31b0000 of 64 bytes failed: Only part of a ReadProcessMemory or WriteProcessMemory request was completed. (0x12B)
[0919/162211.548:WARNING:pe_image_reader.cc(340)] could not read dos header from C:\WINDOWS\System32\cryptsp.dll
[0919/162211.548:ERROR:process_memory_win.cc(73)] ReadMemory at 0x7ffdf4620000 of 64 bytes failed: Only part of a ReadProcessMemory or WriteProcessMemory request was completed. (0x12B)
[0919/162211.548:WARNING:pe_image_reader.cc(340)] could not read dos header from C:\WINDOWS\System32\IMM32.DLL
[0919/162211.548:ERROR:process_memory_win.cc(73)] ReadMemory at 0x7ffdf2200000 of 64 bytes failed: Only part of a ReadProcessMemory or WriteProcessMemory request was completed. (0x12B)
[0919/162211.548:WARNING:pe_image_reader.cc(340)] could not read dos header from C:\WINDOWS\SYSTEM32\CRYPTBASE.DLL
[0919/162211.548:ERROR:process_memory_win.cc(73)] ReadMemory at 0x7ff6a5b40000 of 64 bytes failed: Only part of a ReadProcessMemory or WriteProcessMemory request was completed. (0x12B)
[0919/162211.548:WARNING:pe_image_reader.cc(340)] could not read dos header from C:\Program Files (x86)\Google\Chrome\Application\chrome.exe
[0919/162211.548:ERROR:process_memory_win.cc(73)] ReadMemory at 0x7ffdf5920000 of 64 bytes failed: Only part of a ReadProcessMemory or WriteProcessMemory request was completed. (0x12B)
[0919/162211.548:WARNING:pe_image_reader.cc(340)] could not read dos header from C:\WINDOWS\SYSTEM32\ntdll.dll
[0919/162211.548:ERROR:process_memory_win.cc(73)] ReadMemory at 0x7ffdf4ae0000 of 64 bytes failed: Only part of a ReadProcessMemory or WriteProcessMemory request was completed. (0x12B)
[0919/162211.549:WARNING:pe_image_reader.cc(340)] could not read dos header from C:\WINDOWS\System32\KERNEL32.DLL
[0919/162211.549:ERROR:process_memory_win.cc(73)] ReadMemory at 0x7ffdf2d50000 of 64 bytes failed: Only part of a ReadProcessMemory or WriteProcessMemory request was completed. (0x12B)
[0919/162211.549:WARNING:pe_image_reader.cc(340)] could not read dos header from C:\WINDOWS\System32\KERNELBASE.dll
[0919/162211.549:ERROR:process_memory_win.cc(73)] ReadMemory at 0x7ffd99810000 of 64 bytes failed: Only part of a ReadProcessMemory or WriteProcessMemory request was completed. (0x12B)
[0919/162211.549:WARNING:pe_image_reader.cc(340)] could not read dos header from C:\Program Files (x86)\Google\Chrome\Application\85.0.4183.102\chrome_elf.dll
[0919/162211.549:ERROR:process_memory_win.cc(73)] ReadMemory at 0x7ffded5b0000 of 64 bytes failed: Only part of a ReadProcessMemory or WriteProcessMemory request was completed. (0x12B)
[0919/162211.549:WARNING:pe_image_reader.cc(340)] could not read dos header from C:\WINDOWS\SYSTEM32\VERSION.dll
[0919/162211.549:ERROR:process_memory_win.cc(73)] ReadMemory at 0x7ffdf41a0000 of 64 bytes failed: Only part of a ReadProcessMemory or WriteProcessMemory request was completed. (0x12B)
[0919/162211.549:WARNING:pe_image_reader.cc(340)] could not read dos header from C:\WINDOWS\System32\msvcrt.dll
[0919/162211.549:ERROR:process_memory_win.cc(73)] ReadMemory at 0x7ffdf31d0000 of 64 bytes failed: Only part of a ReadProcessMemory or WriteProcessMemory request was completed. (0x12B)
[0919/162211.549:WARNING:pe_image_reader.cc(340)] could not read dos header from C:\WINDOWS\System32\bcryptPrimitives.dll
[0919/162211.549:ERROR:process_memory_win.cc(73)] ReadMemory at 0x7ffdf5830000 of 64 bytes failed: Only part of a ReadProcessMemory or WriteProcessMemory request was completed. (0x12B)
[0919/162211.549:WARNING:pe_image_reader.cc(340)] could not read dos header from C:\WINDOWS\System32\ADVAPI32.dll
[0919/162211.549:ERROR:process_memory_win.cc(73)] ReadMemory at 0x7ffdf4890000 of 64 bytes failed: Only part of a ReadProcessMemory or WriteProcessMemory request was completed. (0x12B)
[0919/162211.549:WARNING:pe_image_reader.cc(340)] could not read dos header from C:\WINDOWS\System32\sechost.dll
[0919/162211.549:ERROR:process_memory_win.cc(73)] ReadMemory at 0x7ffdf46b0000 of 64 bytes failed: Only part of a ReadProcessMemory or WriteProcessMemory request was completed. (0x12B)
[0919/162211.549:WARNING:pe_image_reader.cc(340)] could not read dos header from C:\WINDOWS\System32\RPCRT4.dll
[0919/162211.549:ERROR:process_memory_win.cc(73)] ReadMemory at 0x7ffdb1390000 of 64 bytes failed: Only part of a ReadProcessMemory or WriteProcessMemory request was completed. (0x12B)
[0919/162211.549:WARNING:pe_image_reader.cc(340)] could not read dos header from C:\Program Files (x86)\Google\Chrome\Application\85.0.4183.102\chrome.dll
[0919/162211.549:ERROR:process_memory_win.cc(73)] ReadMemory at 0x7ffdf45a0000 of 64 bytes failed: Only part of a ReadProcessMemory or WriteProcessMemory request was completed. (0x12B)
[0919/162211.549:WARNING:pe_image_reader.cc(340)] could not read dos header from C:\WINDOWS\System32\WS2_32.dll
[0919/162211.550:ERROR:process_memory_win.cc(73)] ReadMemory at 0x1f302810000 of 64 bytes failed: Only part of a ReadProcessMemory or WriteProcessMemory request was completed. (0x12B)
[0919/162211.550:WARNING:pe_image_reader.cc(340)] could not read dos header from C:\WINDOWS\System32\OLEAUT32.dll
[0919/162211.550:ERROR:process_memory_win.cc(73)] ReadMemory at 0x7ffdf3000000 of 64 bytes failed: Only part of a ReadProcessMemory or WriteProcessMemory request was completed. (0x12B)
[0919/162211.550:WARNING:pe_image_reader.cc(340)] could not read dos header from C:\WINDOWS\System32\msvcp_win.dll
[0919/162211.550:ERROR:process_memory_win.cc(73)] ReadMemory at 0x7ffdf2c50000 of 64 bytes failed: Only part of a ReadProcessMemory or WriteProcessMemory request was completed. (0x12B)
[0919/162211.550:WARNING:pe_image_reader.cc(340)] could not read dos header from C:\WINDOWS\System32\ucrtbase.dll
[0919/162211.550:ERROR:process_memory_win.cc(73)] ReadMemory at 0x7ffdf3c10000 of 64 bytes failed: Only part of a ReadProcessMemory or WriteProcessMemory request was completed. (0x12B)
[0919/162211.550:WARNING:pe_image_reader.cc(340)] could not read dos header from C:\WINDOWS\System32\combase.dll
[0919/162211.550:ERROR:process_memory_win.cc(73)] ReadMemory at 0x7ffdf3150000 of 64 bytes failed: Only part of a ReadProcessMemory or WriteProcessMemory request was completed. (0x12B)
[0919/162211.550:WARNING:pe_image_reader.cc(340)] could not read dos header from C:\WINDOWS\System32\WINTRUST.dll
[0919/162211.550:ERROR:process_memory_win.cc(73)] ReadMemory at 0x7ffdf2840000 of 64 bytes failed: Only part of a ReadProcessMemory or WriteProcessMemory request was completed. (0x12B)
[0919/162211.550:WARNING:pe_image_reader.cc(340)] could not read dos header from C:\WINDOWS\System32\MSASN1.dll
[0919/162211.550:ERROR:process_memory_win.cc(73)] ReadMemory at 0x7ffdf2910000 of 64 bytes failed: Only part of a ReadProcessMemory or WriteProcessMemory request was completed. (0x12B)
[0919/162211.550:WARNING:pe_image_reader.cc(340)] could not read dos header from C:\WINDOWS\System32\CRYPT32.dll
[0919/162211.550:ERROR:process_memory_win.cc(73)] ReadMemory at 0x7ffdf1d40000 of 64 bytes failed: Only part of a ReadProcessMemory or WriteProcessMemory request was completed. (0x12B)
[0919/162211.550:WARNING:pe_image_reader.cc(340)] could not read dos header from C:\WINDOWS\SYSTEM32\IPHLPAPI.DLL
[0919/162211.550:ERROR:process_memory_win.cc(73)] ReadMemory at 0x7ffde9500000 of 64 bytes failed: Only part of a ReadProcessMemory or WriteProcessMemory request was completed. (0x12B)
[0919/162211.550:WARNING:pe_image_reader.cc(340)] could not read dos header from C:\WINDOWS\SYSTEM32\WINMM.dll
[0919/162211.550:ERROR:process_memory_win.cc(73)] ReadMemory at 0x7ffdd18b0000 of 64 bytes failed: Only part of a ReadProcessMemory or WriteProcessMemory request was completed. (0x12B)
[0919/162211.550:WARNING:pe_image_reader.cc(340)] could not read dos header from C:\WINDOWS\SYSTEM32\UIAutomationCore.DLL
[0919/162211.551:ERROR:process_memory_win.cc(73)] ReadMemory at 0x7ffde7a60000 of 64 bytes failed: Only part of a ReadProcessMemory or WriteProcessMemory request was completed. (0x12B)
[0919/162211.551:WARNING:pe_image_reader.cc(340)] could not read dos header from C:\WINDOWS\SYSTEM32\Secur32.dll
[0919/162211.551:ERROR:process_memory_win.cc(73)] ReadMemory at 0x7ffdf2700000 of 64 bytes failed: Only part of a ReadProcessMemory or WriteProcessMemory request was completed. (0x12B)
[0919/162211.551:WARNING:pe_image_reader.cc(340)] could not read dos header from C:\WINDOWS\SYSTEM32\USERENV.dll
[0919/162211.551:ERROR:process_memory_win.cc(73)] ReadMemory at 0x7ffdf2880000 of 64 bytes failed: Only part of a ReadProcessMemory or WriteProcessMemory request was completed. (0x12B)
[0919/162211.551:WARNING:pe_image_reader.cc(340)] could not read dos header from C:\WINDOWS\System32\profapi.dll
[0919/162211.551:ERROR:process_memory_win.cc(73)] ReadMemory at 0x7ffdde4c0000 of 64 bytes failed: Only part of a ReadProcessMemory or WriteProcessMemory request was completed. (0x12B)
[0919/162211.551:WARNING:pe_image_reader.cc(340)] could not read dos header from C:\WINDOWS\SYSTEM32\DWrite.dll
[0919/162211.551:ERROR:process_memory_win.cc(73)] ReadMemory at 0x7ffdd8490000 of 64 bytes failed: Only part of a ReadProcessMemory or WriteProcessMemory request was completed. (0x12B)
[0919/162211.551:WARNING:pe_image_reader.cc(340)] could not read dos header from C:\WINDOWS\SYSTEM32\WINSPOOL.DRV
[0919/162211.551:ERROR:process_memory_win.cc(73)] ReadMemory at 0x7ffdf2860000 of 64 bytes failed: Only part of a ReadProcessMemory or WriteProcessMemory request was completed. (0x12B)
[0919/162211.551:WARNING:pe_image_reader.cc(340)] could not read dos header from C:\WINDOWS\System32\kernel.appcore.dll
[0919/162211.551:ERROR:process_memory_win.cc(73)] ReadMemory at 0x7ffdf28e0000 of 64 bytes failed: Only part of a ReadProcessMemory or WriteProcessMemory request was completed. (0x12B)
[0919/162211.551:WARNING:pe_image_reader.cc(340)] could not read dos header from C:\WINDOWS\System32\bcrypt.dll
[0919/162211.551:ERROR:process_memory_win.cc(73)] ReadMemory at 0x7ffdec0b0000 of 64 bytes failed: Only part of a ReadProcessMemory or WriteProcessMemory request was completed. (0x12B)
[0919/162211.551:WARNING:pe_image_reader.cc(340)] could not read dos header from C:\WINDOWS\SYSTEM32\dbghelp.dll
[0919/162211.552:ERROR:process_memory_win.cc(73)] ReadMemory at 0x7ffdea200000 of 64 bytes failed: Only part of a ReadProcessMemory or WriteProcessMemory request was completed. (0x12B)
[0919/162211.552:WARNING:pe_image_reader.cc(340)] could not read dos header from C:\WINDOWS\SYSTEM32\WINHTTP.dll
[0919/162211.552:ERROR:process_memory_win.cc(73)] ReadMemory at 0x7ffdeb200000 of 64 bytes failed: Only part of a ReadProcessMemory or WriteProcessMemory request was completed. (0x12B)
[0919/162211.552:WARNING:pe_image_reader.cc(340)] could not read dos header from C:\WINDOWS\SYSTEM32\dhcpcsvc.DLL
[0919/162211.552:ERROR:process_memory_win.cc(73)] ReadMemory at 0x7ffdf4610000 of 64 bytes failed: Only part of a ReadProcessMemory or WriteProcessMemory request was completed. (0x12B)
[0919/162211.552:WARNING:pe_image_reader.cc(340)] could not read dos header from C:\WINDOWS\System32\NSI.dll
[0919/162211.552:ERROR:process_memory_win.cc(73)] ReadMemory at 0x7ffde94d0000 of 64 bytes failed: Only part of a ReadProcessMemory or WriteProcessMemory request was completed. (0x12B)
[0919/162211.552:WARNING:pe_image_reader.cc(340)] could not read dos header from C:\WINDOWS\SYSTEM32\WINMMBASE.dll
[0919/162211.552:ERROR:process_memory_win.cc(73)] ReadMemory at 0x7ffdf2a60000 of 64 bytes failed: Only part of a ReadProcessMemory or WriteProcessMemory request was completed. (0x12B)
[0919/162211.552:WARNING:pe_image_reader.cc(340)] could not read dos header from C:\WINDOWS\System32\cfgmgr32.dll
[0919/162211.552:ERROR:process_memory_win.cc(73)] ReadMemory at 0x7ffdef010000 of 64 bytes failed: Only part of a ReadProcessMemory or WriteProcessMemory request was completed. (0x12B)
[0919/162211.552:WARNING:pe_image_reader.cc(340)] could not read dos header from C:\WINDOWS\SYSTEM32\PROPSYS.dll
[0919/162211.552:ERROR:process_memory_win.cc(73)] ReadMemory at 0x7ffdf43f0000 of 64 bytes failed: Only part of a ReadProcessMemory or WriteProcessMemory request was completed. (0x12B)
[0919/162211.552:WARNING:pe_image_reader.cc(340)] could not read dos header from C:\WINDOWS\System32\shcore.dll
[0919/162211.552:ERROR:process_memory_win.cc(73)] ReadMemory at 0x7ffdf26c0000 of 64 bytes failed: Only part of a ReadProcessMemory or WriteProcessMemory request was completed. (0x12B)
[0919/162211.552:WARNING:pe_image_reader.cc(340)] could not read dos header from C:\WINDOWS\SYSTEM32\SSPICLI.DLL
[0919/162211.552:ERROR:process_memory_win.cc(73)] ReadMemory at 0x7ffdf4c70000 of 64 bytes failed: Only part of a ReadProcessMemory or WriteProcessMemory request was completed. (0x12B)
[0919/162211.552:WARNING:pe_image_reader.cc(340)] could not read dos header from C:\WINDOWS\System32\SHELL32.dll
[0919/162211.553:ERROR:process_memory_win.cc(73)] ReadMemory at 0x7ffdf3250000 of 64 bytes failed: Only part of a ReadProcessMemory or WriteProcessMemory request was completed. (0x12B)
[0919/162211.553:WARNING:pe_image_reader.cc(340)] could not read dos header from C:\WINDOWS\System32\windows.storage.dll
[0919/162211.553:ERROR:process_memory_win.cc(73)] ReadMemory at 0x7ffdf27f0000 of 64 bytes failed: Only part of a ReadProcessMemory or WriteProcessMemory request was completed. (0x12B)
[0919/162211.553:WARNING:pe_image_reader.cc(340)] could not read dos header from C:\WINDOWS\System32\powrprof.dll
[0919/162211.553:ERROR:process_memory_win.cc(73)] ReadMemory at 0x7ffdf27e0000 of 64 bytes failed: Only part of a ReadProcessMemory or WriteProcessMemory request was completed. (0x12B)
[0919/162211.553:WARNING:pe_image_reader.cc(340)] could not read dos header from C:\WINDOWS\System32\UMPDC.dll
[0919/162211.553:ERROR:process_memory_win.cc(73)] ReadMemory at 0x7ffdf4650000 of 64 bytes failed: Only part of a ReadProcessMemory or WriteProcessMemory request was completed. (0x12B)
[0919/162211.553:WARNING:pe_image_reader.cc(340)] could not read dos header from C:\WINDOWS\System32\shlwapi.dll
[0919/162211.553:ERROR:process_memory_win.cc(73)] ReadMemory at 0x7ffdf4860000 of 64 bytes failed: Only part of a ReadProcessMemory or WriteProcessMemory request was completed. (0x12B)
[0919/162211.553:WARNING:pe_image_reader.cc(340)] could not read dos header from C:\WINDOWS\System32\GDI32.dll
[0919/162211.553:ERROR:process_memory_win.cc(73)] ReadMemory at 0x7ffdf28b0000 of 64 bytes failed: Only part of a ReadProcessMemory or WriteProcessMemory request was completed. (0x12B)
[0919/162211.553:WARNING:pe_image_reader.cc(340)] could not read dos header from C:\WINDOWS\System32\win32u.dll
[0919/162211.553:ERROR:process_memory_win.cc(73)] ReadMemory at 0x7ffdf2ab0000 of 64 bytes failed: Only part of a ReadProcessMemory or WriteProcessMemory request was completed. (0x12B)
[0919/162211.553:WARNING:pe_image_reader.cc(340)] could not read dos header from C:\WINDOWS\System32\gdi32full.dll
[0919/162211.553:ERROR:process_memory_win.cc(73)] ReadMemory at 0x7ffdf4000000 of 64 bytes failed: Only part of a ReadProcessMemory or WriteProcessMemory request was completed. (0x12B)
[0919/162211.553:WARNING:pe_image_reader.cc(340)] could not read dos header from C:\WINDOWS\System32\USER32.dll
[0919/162211.553:ERROR:process_memory_win.cc(73)] ReadMemory at 0x7ffdf31b0000 of 64 bytes failed: Only part of a ReadProcessMemory or WriteProcessMemory request was completed. (0x12B)
[0919/162211.553:WARNING:pe_image_reader.cc(340)] could not read dos header from C:\WINDOWS\System32\cryptsp.dll
[0919/162211.553:ERROR:process_memory_win.cc(73)] ReadMemory at 0x7ffdf4620000 of 64 bytes failed: Only part of a ReadProcessMemory or WriteProcessMemory request was completed. (0x12B)
[0919/162211.553:WARNING:pe_image_reader.cc(340)] could not read dos header from C:\WINDOWS\System32\IMM32.DLL
[0919/162211.554:ERROR:process_memory_win.cc(73)] ReadMemory at 0x7ffdf2200000 of 64 bytes failed: Only part of a ReadProcessMemory or WriteProcessMemory request was completed. (0x12B)
[0919/162211.554:WARNING:pe_image_reader.cc(340)] could not read dos header from C:\WINDOWS\SYSTEM32\CRYPTBASE.DLL
[0919/162211.582:ERROR:process_memory_win.cc(73)] ReadMemory at 0x6f39be3000 of 118784 bytes failed: Only part of a ReadProcessMemory or WriteProcessMemory request was completed. (0x12B)
[0919/162211.583:ERROR:process_memory_win.cc(73)] ReadMemory at 0x6f3a3fd000 of 12288 bytes failed: Only part of a ReadProcessMemory or WriteProcessMemory request was completed. (0x12B)
[0919/162211.583:ERROR:process_memory_win.cc(73)] ReadMemory at 0x6f3b3fd000 of 12288 bytes failed: Only part of a ReadProcessMemory or WriteProcessMemory request was completed. (0x12B)
[0919/162211.583:ERROR:process_memory_win.cc(73)] ReadMemory at 0x6f3bbfb000 of 20480 bytes failed: Only part of a ReadProcessMemory or WriteProcessMemory request was completed. (0x12B)
[0919/162211.583:ERROR:process_memory_win.cc(73)] ReadMemory at 0x6f3c3fe000 of 8192 bytes failed: Only part of a ReadProcessMemory or WriteProcessMemory request was completed. (0x12B)
[0919/162211.583:ERROR:process_memory_win.cc(73)] ReadMemory at 0x6f3cbfd000 of 12288 bytes failed: Only part of a ReadProcessMemory or WriteProcessMemory request was completed. (0x12B)
[0919/162211.583:ERROR:process_memory_win.cc(73)] ReadMemory at 0x6f3d3fb000 of 20480 bytes failed: Only part of a ReadProcessMemory or WriteProcessMemory request was completed. (0x12B)
[0919/162211.583:ERROR:process_memory_win.cc(73)] ReadMemory at 0x6f3e3fd000 of 12288 bytes failed: Only part of a ReadProcessMemory or WriteProcessMemory request was completed. (0x12B)
[0919/162211.583:ERROR:process_memory_win.cc(73)] ReadMemory at 0x6f3ebf7000 of 36864 bytes failed: Only part of a ReadProcessMemory or WriteProcessMemory request was completed. (0x12B)
[0919/162211.583:ERROR:process_memory_win.cc(73)] ReadMemory at 0x6f3f3f5000 of 45056 bytes failed: Only part of a ReadProcessMemory or WriteProcessMemory request was completed. (0x12B)
[0919/162211.583:ERROR:process_memory_win.cc(73)] ReadMemory at 0x6f3fbfd000 of 12288 bytes failed: Only part of a ReadProcessMemory or WriteProcessMemory request was completed. (0x12B)
[0919/162211.583:ERROR:process_memory_win.cc(73)] ReadMemory at 0x6f403f8000 of 32768 bytes failed: Only part of a ReadProcessMemory or WriteProcessMemory request was completed. (0x12B)
[0919/162211.584:ERROR:process_memory_win.cc(73)] ReadMemory at 0x6f3abfd000 of 12288 bytes failed: Only part of a ReadProcessMemory or WriteProcessMemory request was completed. (0x12B)
[0919/162211.584:ERROR:process_memory_win.cc(73)] ReadMemory at 0x6f3dbfd000 of 12288 bytes failed: Only part of a ReadProcessMemory or WriteProcessMemory request was completed. (0x12B)
[0919/162211.584:ERROR:process_memory_win.cc(73)] ReadMemory at 0x6f40bfd000 of 12288 bytes failed: Only part of a ReadProcessMemory or WriteProcessMemory request was completed. (0x12B)
[0919/162211.584:ERROR:process_memory_win.cc(73)] ReadMemory at 0x6f3937f000 of 852 bytes failed: Only part of a ReadProcessMemory or WriteProcessMemory request was completed. (0x12B)
[0919/162211.584:ERROR:process_memory_win.cc(73)] ReadMemory at 0x6f39380000 of 6024 bytes failed: Only part of a ReadProcessMemory or WriteProcessMemory request was completed. (0x12B)
[0919/162211.584:ERROR:process_memory_win.cc(73)] ReadMemory at 0x6f39382000 of 6024 bytes failed: Only part of a ReadProcessMemory or WriteProcessMemory request was completed. (0x12B)
[0919/162211.584:ERROR:process_memory_win.cc(73)] ReadMemory at 0x6f39386000 of 6024 bytes failed: Only part of a ReadProcessMemory or WriteProcessMemory request was completed. (0x12B)
[0919/162211.584:ERROR:process_memory_win.cc(73)] ReadMemory at 0x6f39388000 of 6024 bytes failed: Only part of a ReadProcessMemory or WriteProcessMemory request was completed. (0x12B)
[0919/162211.584:ERROR:process_memory_win.cc(73)] ReadMemory at 0x6f3938a000 of 6024 bytes failed: Only part of a ReadProcessMemory or WriteProcessMemory request was completed. (0x12B)
[0919/162211.584:ERROR:process_memory_win.cc(73)] ReadMemory at 0x6f3938c000 of 6024 bytes failed: Only part of a ReadProcessMemory or WriteProcessMemory request was completed. (0x12B)
[0919/162211.584:ERROR:process_memory_win.cc(73)] ReadMemory at 0x6f3938e000 of 6024 bytes failed: Only part of a ReadProcessMemory or WriteProcessMemory request was completed. (0x12B)
[0919/162211.584:ERROR:process_memory_win.cc(73)] ReadMemory at 0x6f39392000 of 6024 bytes failed: Only part of a ReadProcessMemory or WriteProcessMemory request was completed. (0x12B)
[0919/162211.585:ERROR:process_memory_win.cc(73)] ReadMemory at 0x6f39394000 of 6024 bytes failed: Only part of a ReadProcessMemory or WriteProcessMemory request was completed. (0x12B)
[0919/162211.585:ERROR:process_memory_win.cc(73)] ReadMemory at 0x6f39396000 of 6024 bytes failed: Only part of a ReadProcessMemory or WriteProcessMemory request was completed. (0x12B)
[0919/162211.585:ERROR:process_memory_win.cc(73)] ReadMemory at 0x6f39398000 of 6024 bytes failed: Only part of a ReadProcessMemory or WriteProcessMemory request was completed. (0x12B)
[0919/162211.585:ERROR:process_memory_win.cc(73)] ReadMemory at 0x6f3939a000 of 6024 bytes failed: Only part of a ReadProcessMemory or WriteProcessMemory request was completed. (0x12B)
[0919/162211.585:ERROR:process_memory_win.cc(73)] ReadMemory at 0x6f393a0000 of 6024 bytes failed: Only part of a ReadProcessMemory or WriteProcessMemory request was completed. (0x12B)
[0919/162211.585:ERROR:process_memory_win.cc(73)] ReadMemory at 0x6f393a2000 of 6024 bytes failed: Only part of a ReadProcessMemory or WriteProcessMemory request was completed. (0x12B)
[0919/162211.585:ERROR:process_memory_win.cc(73)] ReadMemory at 0x6f393a4000 of 6024 bytes failed: Only part of a ReadProcessMemory or WriteProcessMemory request was completed. (0x12B)
[0919/162211.585:ERROR:process_memory_win.cc(73)] ReadMemory at 0x1f30254ff80 of 512 bytes failed: Only part of a ReadProcessMemory or WriteProcessMemory request was completed. (0x12B)
[0919/162211.585:ERROR:process_memory_win.cc(73)] ReadMemory at 0x1f302550ad0 of 1016 bytes failed: Only part of a ReadProcessMemory or WriteProcessMemory request was completed. (0x12B)
[0919/162211.585:ERROR:process_memory_win.cc(73)] ReadMemory at 0x1f302550fe0 of 4522 bytes failed: Only part of a ReadProcessMemory or WriteProcessMemory request was completed. (0x12B)
[0919/162211.585:ERROR:process_memory_win.cc(73)] ReadMemory at 0x1f3025521a0 of 1012 bytes failed: Only part of a ReadProcessMemory or WriteProcessMemory request was completed. (0x12B)
[0919/162211.585:ERROR:process_memory_win.cc(73)] ReadMemory at 0x1f3025527e8 of 118 bytes failed: Only part of a ReadProcessMemory or WriteProcessMemory request was completed. (0x12B)
[0919/162211.585:ERROR:process_memory_win.cc(73)] ReadMemory at 0x1f302552860 of 1178 bytes failed: Only part of a ReadProcessMemory or WriteProcessMemory request was completed. (0x12B)
[0919/162211.586:ERROR:process_memory_win.cc(73)] ReadMemory at 0x1f302552cfc of 118 bytes failed: Only part of a ReadProcessMemory or WriteProcessMemory request was completed. (0x12B)
[0919/162211.586:ERROR:process_memory_win.cc(73)] ReadMemory at 0x1f302552d74 of 94 bytes failed: Only part of a ReadProcessMemory or WriteProcessMemory request was completed. (0x12B)
[0919/162211.586:ERROR:process_memory_win.cc(73)] ReadMemory at 0x1f302552de0 of 58 bytes failed: Only part of a ReadProcessMemory or WriteProcessMemory request was completed. (0x12B)
[0919/162211.586:ERROR:process_memory_win.cc(73)] ReadMemory at 0x1f302552ee0 of 132 bytes failed: Only part of a ReadProcessMemory or WriteProcessMemory request was completed. (0x12B)
[0919/162211.586:ERROR:process_memory_win.cc(73)] ReadMemory at 0x1f302553070 of 132 bytes failed: Only part of a ReadProcessMemory or WriteProcessMemory request was completed. (0x12B)
[0919/162211.586:ERROR:process_memory_win.cc(73)] ReadMemory at 0x1f302553230 of 126 bytes failed: Only part of a ReadProcessMemory or WriteProcessMemory request was completed. (0x12B)
[0919/162211.586:ERROR:process_memory_win.cc(73)] ReadMemory at 0x1f302553610 of 132 bytes failed: Only part of a ReadProcessMemory or WriteProcessMemory request was completed. (0x12B)
[0919/162211.586:ERROR:process_memory_win.cc(73)] ReadMemory at 0x1f3025537a0 of 64 bytes failed: Only part of a ReadProcessMemory or WriteProcessMemory request was completed. (0x12B)
[0919/162211.586:ERROR:process_memory_win.cc(73)] ReadMemory at 0x1f3025537f0 of 132 bytes failed: Only part of a ReadProcessMemory or WriteProcessMemory request was completed. (0x12B)
[0919/162211.586:ERROR:process_memory_win.cc(73)] ReadMemory at 0x1f302553c00 of 132 bytes failed: Only part of a ReadProcessMemory or WriteProcessMemory request was completed. (0x12B)
[0919/162211.586:ERROR:process_memory_win.cc(73)] ReadMemory at 0x1f302553d90 of 68 bytes failed: Only part of a ReadProcessMemory or WriteProcessMemory request was completed. (0x12B)
[0919/162211.586:ERROR:process_memory_win.cc(73)] ReadMemory at 0x1f302554fd0 of 132 bytes failed: Only part of a ReadProcessMemory or WriteProcessMemory request was completed. (0x12B)
[0919/162211.586:ERROR:process_memory_win.cc(73)] ReadMemory at 0x1f302555100 of 154 bytes failed: Only part of a ReadProcessMemory or WriteProcessMemory request was completed. (0x12B)
[0919/162211.586:ERROR:process_memory_win.cc(73)] ReadMemory at 0x1f302555f80 of 62 bytes failed: Only part of a ReadProcessMemory or WriteProcessMemory request was completed. (0x12B)
[0919/162211.587:ERROR:process_memory_win.cc(73)] ReadMemory at 0x1f3025560b0 of 132 bytes failed: Only part of a ReadProcessMemory or WriteProcessMemory request was completed. (0x12B)
[0919/162211.587:ERROR:process_memory_win.cc(73)] ReadMemory at 0x1f302556240 of 60 bytes failed: Only part of a ReadProcessMemory or WriteProcessMemory request was completed. (0x12B)
[0919/162211.587:ERROR:process_memory_win.cc(73)] ReadMemory at 0x1f30255e750 of 62 bytes failed: Only part of a ReadProcessMemory or WriteProcessMemory request was completed. (0x12B)
[0919/162211.587:ERROR:process_memory_win.cc(73)] ReadMemory at 0x1f30255ec00 of 54 bytes failed: Only part of a ReadProcessMemory or WriteProcessMemory request was completed. (0x12B)
[0919/162211.587:ERROR:process_memory_win.cc(73)] ReadMemory at 0x1f302561a00 of 78 bytes failed: Only part of a ReadProcessMemory or WriteProcessMemory request was completed. (0x12B)
[0919/162211.587:ERROR:process_memory_win.cc(73)] ReadMemory at 0x1f302561b80 of 80 bytes failed: Only part of a ReadProcessMemory or WriteProcessMemory request was completed. (0x12B)
[0919/162211.587:ERROR:process_memory_win.cc(73)] ReadMemory at 0x1f302564080 of 132 bytes failed: Only part of a ReadProcessMemory or WriteProcessMemory request was completed. (0x12B)
[0919/162211.587:ERROR:process_memory_win.cc(73)] ReadMemory at 0x1f3025644b0 of 132 bytes failed: Only part of a ReadProcessMemory or WriteProcessMemory request was completed. (0x12B)
[0919/162211.587:ERROR:process_memory_win.cc(73)] ReadMemory at 0x1f302564f70 of 132 bytes failed: Only part of a ReadProcessMemory or WriteProcessMemory request was completed. (0x12B)
[0919/162211.587:ERROR:process_memory_win.cc(73)] ReadMemory at 0x1f302565190 of 132 bytes failed: Only part of a ReadProcessMemory or WriteProcessMemory request was completed. (0x12B)
[0919/162211.587:ERROR:process_memory_win.cc(73)] ReadMemory at 0x1f3025653b0 of 132 bytes failed: Only part of a ReadProcessMemory or WriteProcessMemory request was completed. (0x12B)
[0919/162211.587:ERROR:process_memory_win.cc(73)] ReadMemory at 0x1f302565710 of 132 bytes failed: Only part of a ReadProcessMemory or WriteProcessMemory request was completed. (0x12B)
[0919/162211.587:ERROR:process_memory_win.cc(73)] ReadMemory at 0x1f302565920 of 132 bytes failed: Only part of a ReadProcessMemory or WriteProcessMemory request was completed. (0x12B)
[0919/162211.587:ERROR:process_memory_win.cc(73)] ReadMemory at 0x1f302565b80 of 132 bytes failed: Only part of a ReadProcessMemory or WriteProcessMemory request was completed. (0x12B)
[0919/162211.587:ERROR:process_memory_win.cc(73)] ReadMemory at 0x1f302565cb0 of 132 bytes failed: Only part of a ReadProcessMemory or WriteProcessMemory request was completed. (0x12B)
[0919/162211.588:ERROR:process_memory_win.cc(73)] ReadMemory at 0x1f302565de0 of 132 bytes failed: Only part of a ReadProcessMemory or WriteProcessMemory request was completed. (0x12B)
[0919/162211.588:ERROR:process_memory_win.cc(73)] ReadMemory at 0x1f302565f10 of 132 bytes failed: Only part of a ReadProcessMemory or WriteProcessMemory request was completed. (0x12B)
[0919/162211.588:ERROR:process_memory_win.cc(73)] ReadMemory at 0x1f302566040 of 132 bytes failed: Only part of a ReadProcessMemory or WriteProcessMemory request was completed. (0x12B)
[0919/162211.588:ERROR:process_memory_win.cc(73)] ReadMemory at 0x1f302566170 of 132 bytes failed: Only part of a ReadProcessMemory or WriteProcessMemory request was completed. (0x12B)
[0919/162211.588:ERROR:process_memory_win.cc(73)] ReadMemory at 0x1f3025662a0 of 132 bytes failed: Only part of a ReadProcessMemory or WriteProcessMemory request was completed. (0x12B)
[0919/162211.588:ERROR:process_memory_win.cc(73)] ReadMemory at 0x1f3025663d0 of 132 bytes failed: Only part of a ReadProcessMemory or WriteProcessMemory request was completed. (0x12B)
[0919/162211.588:ERROR:process_memory_win.cc(73)] ReadMemory at 0x1f302566630 of 132 bytes failed: Only part of a ReadProcessMemory or WriteProcessMemory request was completed. (0x12B)
[0919/162211.588:ERROR:process_memory_win.cc(73)] ReadMemory at 0x1f302566760 of 132 bytes failed: Only part of a ReadProcessMemory or WriteProcessMemory request was completed. (0x12B)
[0919/162211.588:ERROR:process_memory_win.cc(73)] ReadMemory at 0x1f302566890 of 132 bytes failed: Only part of a ReadProcessMemory or WriteProcessMemory request was completed. (0x12B)
[0919/162211.588:ERROR:process_memory_win.cc(73)] ReadMemory at 0x1f3025669c0 of 132 bytes failed: Only part of a ReadProcessMemory or WriteProcessMemory request was completed. (0x12B)
[0919/162211.588:ERROR:process_memory_win.cc(73)] ReadMemory at 0x1f3025686d0 of 132 bytes failed: Only part of a ReadProcessMemory or WriteProcessMemory request was completed. (0x12B)
[0919/162211.588:ERROR:process_memory_win.cc(73)] ReadMemory at 0x1f302568d40 of 132 bytes failed: Only part of a ReadProcessMemory or WriteProcessMemory request was completed. (0x12B)
[0919/162211.588:ERROR:process_memory_win.cc(73)] ReadMemory at 0x1f302568e70 of 146 bytes failed: Only part of a ReadProcessMemory or WriteProcessMemory request was completed. (0x12B)
[0919/162211.589:ERROR:process_memory_win.cc(73)] ReadMemory at 0x1f30256ad00 of 64 bytes failed: Only part of a ReadProcessMemory or WriteProcessMemory request was completed. (0x12B)
[0919/162211.589:ERROR:process_memory_win.cc(73)] ReadMemory at 0x1f30256ada0 of 62 bytes failed: Only part of a ReadProcessMemory or WriteProcessMemory request was completed. (0x12B)
[0919/162211.589:ERROR:process_memory_win.cc(73)] ReadMemory at 0x1f30256adf0 of 64 bytes failed: Only part of a ReadProcessMemory or WriteProcessMemory request was completed. (0x12B)
[0919/162211.589:ERROR:process_memory_win.cc(73)] ReadMemory at 0x1f30256ae40 of 60 bytes failed: Only part of a ReadProcessMemory or WriteProcessMemory request was completed. (0x12B)
[0919/162211.589:ERROR:process_memory_win.cc(73)] ReadMemory at 0x1f30256ae90 of 62 bytes failed: Only part of a ReadProcessMemory or WriteProcessMemory request was completed. (0x12B)
[0919/162211.589:ERROR:process_memory_win.cc(73)] ReadMemory at 0x1f30256aee0 of 64 bytes failed: Only part of a ReadProcessMemory or WriteProcessMemory request was completed. (0x12B)
[0919/162211.589:ERROR:process_memory_win.cc(73)] ReadMemory at 0x1f30256afd0 of 66 bytes failed: Only part of a ReadProcessMemory or WriteProcessMemory request was completed. (0x12B)
[0919/162211.589:ERROR:process_memory_win.cc(73)] ReadMemory at 0x1f30256b020 of 62 bytes failed: Only part of a ReadProcessMemory or WriteProcessMemory request was completed. (0x12B)
[0919/162211.589:ERROR:process_memory_win.cc(73)] ReadMemory at 0x1f30256b160 of 66 bytes failed: Only part of a ReadProcessMemory or WriteProcessMemory request was completed. (0x12B)
[0919/162211.589:ERROR:process_memory_win.cc(73)] ReadMemory at 0x1f30256b250 of 64 bytes failed: Only part of a ReadProcessMemory or WriteProcessMemory request was completed. (0x12B)
[0919/162211.589:ERROR:process_memory_win.cc(73)] ReadMemory at 0x1f30256b340 of 60 bytes failed: Only part of a ReadProcessMemory or WriteProcessMemory request was completed. (0x12B)
[0919/162211.589:ERROR:process_memory_win.cc(73)] ReadMemory at 0x1f30256b3e0 of 60 bytes failed: Only part of a ReadProcessMemory or WriteProcessMemory request was completed. (0x12B)
[0919/162211.589:ERROR:process_memory_win.cc(73)] ReadMemory at 0x1f30256b430 of 60 bytes failed: Only part of a ReadProcessMemory or WriteProcessMemory request was completed. (0x12B)
[0919/162211.589:ERROR:process_memory_win.cc(73)] ReadMemory at 0x1f30256b4d0 of 64 bytes failed: Only part of a ReadProcessMemory or WriteProcessMemory request was completed. (0x12B)
[0919/162211.590:ERROR:process_memory_win.cc(73)] ReadMemory at 0x1f30256b520 of 62 bytes failed: Only part of a ReadProcessMemory or WriteProcessMemory request was completed. (0x12B)
[0919/162211.590:ERROR:process_memory_win.cc(73)] ReadMemory at 0x1f30256b610 of 64 bytes failed: Only part of a ReadProcessMemory or WriteProcessMemory request was completed. (0x12B)
[0919/162211.590:ERROR:process_memory_win.cc(73)] ReadMemory at 0x1f30256b660 of 62 bytes failed: Only part of a ReadProcessMemory or WriteProcessMemory request was completed. (0x12B)
[0919/162211.590:ERROR:process_memory_win.cc(73)] ReadMemory at 0x1f30256b6b0 of 62 bytes failed: Only part of a ReadProcessMemory or WriteProcessMemory request was completed. (0x12B)
[0919/162211.590:ERROR:process_memory_win.cc(73)] ReadMemory at 0x1f30256b700 of 64 bytes failed: Only part of a ReadProcessMemory or WriteProcessMemory request was completed. (0x12B)
[0919/162211.590:ERROR:process_memory_win.cc(73)] ReadMemory at 0x1f30256b750 of 64 bytes failed: Only part of a ReadProcessMemory or WriteProcessMemory request was completed. (0x12B)
[0919/162211.590:ERROR:process_memory_win.cc(73)] ReadMemory at 0x1f30256b840 of 62 bytes failed: Only part of a ReadProcessMemory or WriteProcessMemory request was completed. (0x12B)
[0919/162211.590:ERROR:process_memory_win.cc(73)] ReadMemory at 0x1f30256b8e0 of 62 bytes failed: Only part of a ReadProcessMemory or WriteProcessMemory request was completed. (0x12B)
[0919/162211.590:ERROR:process_memory_win.cc(73)] ReadMemory at 0x1f30256b9d0 of 58 bytes failed: Only part of a ReadProcessMemory or WriteProcessMemory request was completed. (0x12B)
[0919/162211.590:ERROR:process_memory_win.cc(73)] ReadMemory at 0x1f30256ba20 of 60 bytes failed: Only part of a ReadProcessMemory or WriteProcessMemory request was completed. (0x12B)
[0919/162211.590:ERROR:process_memory_win.cc(73)] ReadMemory at 0x1f30256bb10 of 62 bytes failed: Only part of a ReadProcessMemory or WriteProcessMemory request was completed. (0x12B)
[0919/162211.590:ERROR:process_memory_win.cc(73)] ReadMemory at 0x1f30256bb60 of 60 bytes failed: Only part of a ReadProcessMemory or WriteProcessMemory request was completed. (0x12B)
[0919/162211.590:ERROR:process_memory_win.cc(73)] ReadMemory at 0x1f302570cd0 of 132 bytes failed: Only part of a ReadProcessMemory or WriteProcessMemory request was completed. (0x12B)
[0919/162211.590:ERROR:process_memory_win.cc(73)] ReadMemory at 0x1f302571020 of 132 bytes failed: Only part of a ReadProcessMemory or WriteProcessMemory request was completed. (0x12B)
[0919/162211.590:ERROR:process_memory_win.cc(73)] ReadMemory at 0x1f302571150 of 132 bytes failed: Only part of a ReadProcessMemory or WriteProcessMemory request was completed. (0x12B)
[0919/162211.591:ERROR:process_memory_win.cc(73)] ReadMemory at 0x1f302571280 of 132 bytes failed: Only part of a ReadProcessMemory or WriteProcessMemory request was completed. (0x12B)
[0919/162211.591:ERROR:process_memory_win.cc(73)] ReadMemory at 0x1f3025713b0 of 132 bytes failed: Only part of a ReadProcessMemory or WriteProcessMemory request was completed. (0x12B)
[0919/162211.591:ERROR:process_memory_win.cc(73)] ReadMemory at 0x1f3025714e0 of 132 bytes failed: Only part of a ReadProcessMemory or WriteProcessMemory request was completed. (0x12B)
[0919/162211.591:ERROR:process_memory_win.cc(73)] ReadMemory at 0x1f302571610 of 132 bytes failed: Only part of a ReadProcessMemory or WriteProcessMemory request was completed. (0x12B)
[0919/162211.591:ERROR:process_memory_win.cc(73)] ReadMemory at 0x1f302571740 of 132 bytes failed: Only part of a ReadProcessMemory or WriteProcessMemory request was completed. (0x12B)
[0919/162211.591:ERROR:process_memory_win.cc(73)] ReadMemory at 0x1f302571870 of 132 bytes failed: Only part of a ReadProcessMemory or WriteProcessMemory request was completed. (0x12B)
[0919/162211.591:ERROR:process_memory_win.cc(73)] ReadMemory at 0x1f3025719a0 of 132 bytes failed: Only part of a ReadProcessMemory or WriteProcessMemory request was completed. (0x12B)
[0919/162211.592:ERROR:process_memory_win.cc(73)] ReadMemory at 0x1f302571ad0 of 132 bytes failed: Only part of a ReadProcessMemory or WriteProcessMemory request was completed. (0x12B)
[0919/162211.592:ERROR:process_memory_win.cc(73)] ReadMemory at 0x1f302571c00 of 132 bytes failed: Only part of a ReadProcessMemory or WriteProcessMemory request was completed. (0x12B)
[0919/162211.592:ERROR:process_memory_win.cc(73)] ReadMemory at 0x1f302571d30 of 132 bytes failed: Only part of a ReadProcessMemory or WriteProcessMemory request was completed. (0x12B)
[0919/162211.592:ERROR:process_memory_win.cc(73)] ReadMemory at 0x1f302571e60 of 132 bytes failed: Only part of a ReadProcessMemory or WriteProcessMemory request was completed. (0x12B)
[0919/162211.592:ERROR:process_memory_win.cc(73)] ReadMemory at 0x1f302571f90 of 132 bytes failed: Only part of a ReadProcessMemory or WriteProcessMemory request was completed. (0x12B)
[0919/162211.592:ERROR:process_memory_win.cc(73)] ReadMemory at 0x1f3025720c0 of 132 bytes failed: Only part of a ReadProcessMemory or WriteProcessMemory request was completed. (0x12B)
[0919/162211.592:ERROR:process_memory_win.cc(73)] ReadMemory at 0x1f3025721f0 of 132 bytes failed: Only part of a ReadProcessMemory or WriteProcessMemory request was completed. (0x12B)
[0919/162211.592:ERROR:process_memory_win.cc(73)] ReadMemory at 0x1f302572320 of 132 bytes failed: Only part of a ReadProcessMemory or WriteProcessMemory request was completed. (0x12B)
[0919/162211.592:ERROR:process_memory_win.cc(73)] ReadMemory at 0x1f302572450 of 132 bytes failed: Only part of a ReadProcessMemory or WriteProcessMemory request was completed. (0x12B)
[0919/162211.592:ERROR:process_memory_win.cc(73)] ReadMemory at 0x1f302572580 of 132 bytes failed: Only part of a ReadProcessMemory or WriteProcessMemory request was completed. (0x12B)
[0919/162211.592:ERROR:process_memory_win.cc(73)] ReadMemory at 0x1f302572ca0 of 132 bytes failed: Only part of a ReadProcessMemory or WriteProcessMemory request was completed. (0x12B)
[0919/162211.592:ERROR:process_memory_win.cc(73)] ReadMemory at 0x1f302572dd0 of 132 bytes failed: Only part of a ReadProcessMemory or WriteProcessMemory request was completed. (0x12B)
[0919/162211.592:ERROR:process_memory_win.cc(73)] ReadMemory at 0x1f302573d70 of 76 bytes failed: Only part of a ReadProcessMemory or WriteProcessMemory request was completed. (0x12B)
[0919/162211.593:ERROR:process_memory_win.cc(73)] ReadMemory at 0x1f302574670 of 80 bytes failed: Only part of a ReadProcessMemory or WriteProcessMemory request was completed. (0x12B)
[0919/162211.593:ERROR:process_memory_win.cc(73)] ReadMemory at 0x1f302595aa0 of 66 bytes failed: Only part of a ReadProcessMemory or WriteProcessMemory request was completed. (0x12B)
[0919/162211.593:ERROR:process_memory_win.cc(73)] ReadMemory at 0x1f302595be0 of 58 bytes failed: Only part of a ReadProcessMemory or WriteProcessMemory request was completed. (0x12B)
[0919/162211.593:ERROR:process_memory_win.cc(73)] ReadMemory at 0x1f302595c80 of 60 bytes failed: Only part of a ReadProcessMemory or WriteProcessMemory request was completed. (0x12B)
[0919/162211.593:ERROR:process_memory_win.cc(73)] ReadMemory at 0x1f302595cd0 of 62 bytes failed: Only part of a ReadProcessMemory or WriteProcessMemory request was completed. (0x12B)
[0919/162211.593:ERROR:process_memory_win.cc(73)] ReadMemory at 0x1f302595f00 of 58 bytes failed: Only part of a ReadProcessMemory or WriteProcessMemory request was completed. (0x12B)
[0919/162211.593:ERROR:process_memory_win.cc(73)] ReadMemory at 0x1f302595f50 of 60 bytes failed: Only part of a ReadProcessMemory or WriteProcessMemory request was completed. (0x12B)
[0919/162211.593:ERROR:process_memory_win.cc(73)] ReadMemory at 0x1f302596130 of 62 bytes failed: Only part of a ReadProcessMemory or WriteProcessMemory request was completed. (0x12B)
[0919/162211.593:ERROR:process_memory_win.cc(73)] ReadMemory at 0x1f302596310 of 58 bytes failed: Only part of a ReadProcessMemory or WriteProcessMemory request was completed. (0x12B)
[0919/162211.593:ERROR:process_memory_win.cc(73)] ReadMemory at 0x1f3025965e0 of 62 bytes failed: Only part of a ReadProcessMemory or WriteProcessMemory request was completed. (0x12B)
[0919/162211.593:ERROR:process_memory_win.cc(73)] ReadMemory at 0x1f302596810 of 64 bytes failed: Only part of a ReadProcessMemory or WriteProcessMemory request was completed. (0x12B)
[0919/162211.593:ERROR:process_memory_win.cc(73)] ReadMemory at 0x1f3025c3fa0 of 512 bytes failed: Only part of a ReadProcessMemory or WriteProcessMemory request was completed. (0x12B)
[0919/162211.593:ERROR:process_memory_win.cc(73)] ReadMemory at 0x1f3025cfed0 of 512 bytes failed: Only part of a ReadProcessMemory or WriteProcessMemory request was completed. (0x12B)
[0919/162211.593:ERROR:process_memory_win.cc(73)] ReadMemory at 0x1f3025d3820 of 512 bytes failed: Only part of a ReadProcessMemory or WriteProcessMemory request was completed. (0x12B)
[0919/162211.594:ERROR:process_memory_win.cc(73)] ReadMemory at 0x1f3025f5f20 of 512 bytes failed: Only part of a ReadProcessMemory or WriteProcessMemory request was completed. (0x12B)
[0919/162211.594:ERROR:process_memory_win.cc(73)] ReadMemory at 0x1f3025fe0c0 of 512 bytes failed: Only part of a ReadProcessMemory or WriteProcessMemory request was completed. (0x12B)
[0919/162211.594:ERROR:process_memory_win.cc(73)] ReadMemory at 0x1f3026085f0 of 712 bytes failed: Only part of a ReadProcessMemory or WriteProcessMemory request was completed. (0x12B)
[0919/162211.594:ERROR:process_memory_win.cc(73)] ReadMemory at 0x1f302609703 of 512 bytes failed: Only part of a ReadProcessMemory or WriteProcessMemory request was completed. (0x12B)
[0919/162211.594:ERROR:process_memory_win.cc(73)] ReadMemory at 0x1f30261b040 of 512 bytes failed: Only part of a ReadProcessMemory or WriteProcessMemory request was completed. (0x12B)
[0919/162211.594:ERROR:process_memory_win.cc(73)] ReadMemory at 0x1f302626230 of 512 bytes failed: Only part of a ReadProcessMemory or WriteProcessMemory request was completed. (0x12B)
[0919/162211.594:ERROR:process_memory_win.cc(73)] ReadMemory at 0x1f302760cd0 of 512 bytes failed: Only part of a ReadProcessMemory or WriteProcessMemory request was completed. (0x12B)
[0919/162211.594:ERROR:process_memory_win.cc(73)] ReadMemory at 0x1f302760f40 of 512 bytes failed: Only part of a ReadProcessMemory or WriteProcessMemory request was completed. (0x12B)
[0919/162211.594:ERROR:process_memory_win.cc(73)] ReadMemory at 0x1f302761f00 of 512 bytes failed: Only part of a ReadProcessMemory or WriteProcessMemory request was completed. (0x12B)
[0919/162211.594:ERROR:process_memory_win.cc(73)] ReadMemory at 0x1f3027622c0 of 512 bytes failed: Only part of a ReadProcessMemory or WriteProcessMemory request was completed. (0x12B)
[0919/162211.594:ERROR:process_memory_win.cc(73)] ReadMemory at 0x1f302764000 of 512 bytes failed: Only part of a ReadProcessMemory or WriteProcessMemory request was completed. (0x12B)
[0919/162211.594:ERROR:process_memory_win.cc(73)] ReadMemory at 0x1f3042036f0 of 512 bytes failed: Only part of a ReadProcessMemory or WriteProcessMemory request was completed. (0x12B)
[0919/162211.594:ERROR:process_memory_win.cc(73)] ReadMemory at 0x1f304204540 of 512 bytes failed: Only part of a ReadProcessMemory or WriteProcessMemory request was completed. (0x12B)
[0919/162211.594:ERROR:process_memory_win.cc(73)] ReadMemory at 0x1f3042c9a72 of 512 bytes failed: Only part of a ReadProcessMemory or WriteProcessMemory request was completed. (0x12B)
[0919/162211.594:ERROR:process_memory_win.cc(73)] ReadMemory at 0x1f304337700 of 512 bytes failed: Only part of a ReadProcessMemory or WriteProcessMemory request was completed. (0x12B)
[0919/162211.595:ERROR:process_memory_win.cc(73)] ReadMemory at 0x1f304400790 of 512 bytes failed: Only part of a ReadProcessMemory or WriteProcessMemory request was completed. (0x12B)
[0919/162211.595:ERROR:process_memory_win.cc(73)] ReadMemory at 0x1f304418ad0 of 512 bytes failed: Only part of a ReadProcessMemory or WriteProcessMemory request was completed. (0x12B)
[0919/162211.595:ERROR:process_memory_win.cc(73)] ReadMemory at 0x1f30441a950 of 528 bytes failed: Only part of a ReadProcessMemory or WriteProcessMemory request was completed. (0x12B)
[0919/162211.595:ERROR:process_memory_win.cc(73)] ReadMemory at 0x1f306b1bf3e of 512 bytes failed: Only part of a ReadProcessMemory or WriteProcessMemory request was completed. (0x12B)
[0919/162211.595:ERROR:process_memory_win.cc(73)] ReadMemory at 0x1f306e75c50 of 512 bytes failed: Only part of a ReadProcessMemory or WriteProcessMemory request was completed. (0x12B)
[0919/162211.595:ERROR:process_memory_win.cc(73)] ReadMemory at 0x1f306e75fd0 of 512 bytes failed: Only part of a ReadProcessMemory or WriteProcessMemory request was completed. (0x12B)
[0919/162211.595:ERROR:process_memory_win.cc(73)] ReadMemory at 0x1f3073c3fe0 of 512 bytes failed: Only part of a ReadProcessMemory or WriteProcessMemory request was completed. (0x12B)
[0919/162211.595:ERROR:process_memory_win.cc(73)] ReadMemory at 0x1f307475816 of 512 bytes failed: Only part of a ReadProcessMemory or WriteProcessMemory request was completed. (0x12B)
[0919/162211.595:ERROR:process_memory_win.cc(73)] ReadMemory at 0x1f307566727 of 512 bytes failed: Only part of a ReadProcessMemory or WriteProcessMemory request was completed. (0x12B)
[0919/162211.595:ERROR:process_memory_win.cc(73)] ReadMemory at 0x1f307871810 of 512 bytes failed: Only part of a ReadProcessMemory or WriteProcessMemory request was completed. (0x12B)
[0919/162211.595:ERROR:process_memory_win.cc(73)] ReadMemory at 0x7ffdb40be17d of 512 bytes failed: Only part of a ReadProcessMemory or WriteProcessMemory request was completed. (0x12B)
[0919/162211.595:ERROR:process_memory_win.cc(73)] ReadMemory at 0x7ffdb4dc0025 of 512 bytes failed: Only part of a ReadProcessMemory or WriteProcessMemory request was completed. (0x12B)
[0919/162211.595:ERROR:process_memory_win.cc(73)] ReadMemory at 0x7ffdb9ce9ef0 of 512 bytes failed: Only part of a ReadProcessMemory or WriteProcessMemory request was completed. (0x12B)
[0919/162211.595:ERROR:process_memory_win.cc(73)] ReadMemory at 0x7ffdf2d93aa9 of 512 bytes failed: Only part of a ReadProcessMemory or WriteProcessMemory request was completed. (0x12B)
[0919/162211.595:ERROR:process_memory_win.cc(73)] ReadMemory at 0x7ffdf2fbd700 of 512 bytes failed: Only part of a ReadProcessMemory or WriteProcessMemory request was completed. (0x12B)
[0919/162211.596:ERROR:process_memory_win.cc(73)] ReadMemory at 0x7ffdf4b01f80 of 512 bytes failed: Only part of a ReadProcessMemory or WriteProcessMemory request was completed. (0x12B)
[0919/162211.596:ERROR:process_memory_win.cc(73)] ReadMemory at 0x7ffdf597d450 of 512 bytes failed: Only part of a ReadProcessMemory or WriteProcessMemory request was completed. (0x12B)
[0919/162211.596:ERROR:process_memory_win.cc(73)] ReadMemory at 0x7ffdf59bc074 of 672 bytes failed: Only part of a ReadProcessMemory or WriteProcessMemory request was completed. (0x12B)
[0919/162211.596:ERROR:process_memory_win.cc(73)] ReadMemory at 0x7ffdf59bf924 of 608 bytes failed: Only part of a ReadProcessMemory or WriteProcessMemory request was completed. (0x12B)
[0919/162211.596:ERROR:process_memory_win.cc(73)] ReadMemory at 0x7ffdf59c5eb1 of 512 bytes failed: Only part of a ReadProcessMemory or WriteProcessMemory request was completed. (0x12B)
[0919/162211.596:ERROR:process_memory_win.cc(73)] ReadMemory at 0x7ffdf5a4c428 of 18 bytes failed: Only part of a ReadProcessMemory or WriteProcessMemory request was completed. (0x12B)
[0919/162211.596:ERROR:process_memory_win.cc(73)] ReadMemory at 0x7ffdf5a7f4f8 of 40 bytes failed: Only part of a ReadProcessMemory or WriteProcessMemory request was completed. (0x12B)
[0919/162211.596:ERROR:process_memory_win.cc(73)] ReadMemory at 0x7ffdf5a7f978 of 48 bytes failed: Only part of a ReadProcessMemory or WriteProcessMemory request was completed. (0x12B)
[0919/162211.596:ERROR:process_memory_win.cc(73)] ReadMemory at 0x7ffdf5a853c0 of 64 bytes failed: Only part of a ReadProcessMemory or WriteProcessMemory request was completed. (0x12B)
[0919/162211.597:ERROR:scoped_process_suspend.cc(40)] NtResumeProcess: An attempt was made to access an exiting process. (0xc000010a)
